Created by PLY version 3.11 (http://www.dabeaz.com/ply)

Grammar

Rule 0     S' -> Programa
Rule 1     Programa -> KEYWORD_PROGRAM ID SEMICOLON vars_opt funcs_opt KEYWORD_MAIN LBRACE body RBRACE KEYWORD_END SEMICOLON
Rule 2     vars_opt -> vars_opt VARS
Rule 3     vars_opt -> VARS
Rule 4     vars_opt -> empty
Rule 5     VARS -> KEYWORD_VAR var_list SEMICOLON
Rule 6     var_list -> ID id_list COLON type
Rule 7     id_list -> COMMA ID id_list
Rule 8     id_list -> empty
Rule 9     type -> KEYWORD_INT
Rule 10    type -> KEYWORD_FLOAT
Rule 11    type -> KEYWORD_STRING
Rule 12    funcs_opt -> funcs_opt FUNCS
Rule 13    funcs_opt -> FUNCS
Rule 14    funcs_opt -> empty
Rule 15    FUNCS -> KEYWORD_VOID ID func_start LPAREN parametros_opt RPAREN LBRACKET vars_opt body RBRACKET func_end SEMICOLON
Rule 16    func_start -> <empty>
Rule 17    func_end -> <empty>
Rule 18    parametros_opt -> parametros
Rule 19    parametros_opt -> empty
Rule 20    parametros -> ID COLON type param_list
Rule 21    param_list -> COMMA ID COLON type param_list
Rule 22    param_list -> empty
Rule 23    body -> statement_list
Rule 24    statement_list -> statement statement_list
Rule 25    statement_list -> statement
Rule 26    statement_list -> empty
Rule 27    statement -> assign
Rule 28    statement -> condition
Rule 29    statement -> cycle
Rule 30    statement -> f_call
Rule 31    statement -> print
Rule 32    assign -> ID ASSIGN_SIGN expresion SEMICOLON
Rule 33    print -> KEYWORD_PRINT LPAREN print_items RPAREN SEMICOLON
Rule 34    print_items -> print_items COMMA print_item
Rule 35    print_items -> print_item
Rule 36    print_item -> expresion
Rule 37    print_item -> CTE_STRING
Rule 38    cycle -> KEYWORD_DO LBRACE body RBRACE KEYWORD_WHILE LPAREN expresion RPAREN SEMICOLON
Rule 39    condition -> KEYWORD_IF LPAREN expresion RPAREN cuadr_if LBRACE body RBRACE else_arg SEMICOLON
Rule 40    cuadr_if -> <empty>
Rule 41    else_arg -> KEYWORD_ELSE cuadr_else LBRACE body RBRACE
Rule 42    cuadr_else -> <empty>
Rule 43    else_arg -> empty
Rule 44    f_call -> ID LPAREN expresion_list_opt RPAREN SEMICOLON
Rule 45    expresion_list_opt -> expresion_list
Rule 46    expresion_list_opt -> empty
Rule 47    expresion_list -> expresion_list COMMA expresion
Rule 48    expresion_list -> expresion
Rule 49    expresion -> exp comparador exp
Rule 50    expresion -> exp
Rule 51    comparador -> LESS
Rule 52    comparador -> GREATER
Rule 53    comparador -> NOT_EQUAL
Rule 54    comparador -> EQUAL
Rule 55    comparador -> GREATER_EQUAL
Rule 56    comparador -> LESS_EQUAL
Rule 57    exp -> exp OP_SUM termino
Rule 58    exp -> exp OP_SUB termino
Rule 59    exp -> termino
Rule 60    termino -> termino OP_MUL factor
Rule 61    termino -> termino OP_DIV factor
Rule 62    termino -> factor
Rule 63    factor -> LPAREN expresion RPAREN
Rule 64    factor -> OP_SUM varcte
Rule 65    factor -> OP_SUB varcte
Rule 66    factor -> varcte
Rule 67    varcte -> ID
Rule 68    varcte -> CTE_INT
Rule 69    varcte -> CTE_FLOAT
Rule 70    empty -> <empty>

Terminals, with rules where they appear

ASSIGN_SIGN          : 32
COLON                : 6 20 21
COMMA                : 7 21 34 47
CTE_FLOAT            : 69
CTE_INT              : 68
CTE_STRING           : 37
EQUAL                : 54
GREATER              : 52
GREATER_EQUAL        : 55
ID                   : 1 6 7 15 20 21 32 44 67
KEYWORD_DO           : 38
KEYWORD_ELSE         : 41
KEYWORD_END          : 1
KEYWORD_FLOAT        : 10
KEYWORD_IF           : 39
KEYWORD_INT          : 9
KEYWORD_MAIN         : 1
KEYWORD_PRINT        : 33
KEYWORD_PROGRAM      : 1
KEYWORD_STRING       : 11
KEYWORD_VAR          : 5
KEYWORD_VOID         : 15
KEYWORD_WHILE        : 38
LBRACE               : 1 38 39 41
LBRACKET             : 15
LESS                 : 51
LESS_EQUAL           : 56
LPAREN               : 15 33 38 39 44 63
NOT_EQUAL            : 53
OP_DIV               : 61
OP_MUL               : 60
OP_SUB               : 58 65
OP_SUM               : 57 64
RBRACE               : 1 38 39 41
RBRACKET             : 15
RPAREN               : 15 33 38 39 44 63
SEMICOLON            : 1 1 5 15 32 33 38 39 44
error                : 

Nonterminals, with rules where they appear

FUNCS                : 12 13
Programa             : 0
VARS                 : 2 3
assign               : 27
body                 : 1 15 38 39 41
comparador           : 49
condition            : 28
cuadr_else           : 41
cuadr_if             : 39
cycle                : 29
else_arg             : 39
empty                : 4 8 14 19 22 26 43 46
exp                  : 49 49 50 57 58
expresion            : 32 36 38 39 47 48 63
expresion_list       : 45 47
expresion_list_opt   : 44
f_call               : 30
factor               : 60 61 62
func_end             : 15
func_start           : 15
funcs_opt            : 1 12
id_list              : 6 7
param_list           : 20 21
parametros           : 18
parametros_opt       : 15
print                : 31
print_item           : 34 35
print_items          : 33 34
statement            : 24 25
statement_list       : 23 24
termino              : 57 58 59 60 61
type                 : 6 20 21
var_list             : 5
varcte               : 64 65 66
vars_opt             : 1 2 15

Parsing method: LALR

state 0

    (0) S' -> . Programa
    (1) Programa -> . KEYWORD_PROGRAM ID SEMICOLON vars_opt funcs_opt KEYWORD_MAIN LBRACE body RBRACE KEYWORD_END SEMICOLON

    KEYWORD_PROGRAM shift and go to state 2

    Programa                       shift and go to state 1

state 1

    (0) S' -> Programa .



state 2

    (1) Programa -> KEYWORD_PROGRAM . ID SEMICOLON vars_opt funcs_opt KEYWORD_MAIN LBRACE body RBRACE KEYWORD_END SEMICOLON

    ID              shift and go to state 3


state 3

    (1) Programa -> KEYWORD_PROGRAM ID . SEMICOLON vars_opt funcs_opt KEYWORD_MAIN LBRACE body RBRACE KEYWORD_END SEMICOLON

    SEMICOLON       shift and go to state 4


state 4

    (1) Programa -> KEYWORD_PROGRAM ID SEMICOLON . vars_opt funcs_opt KEYWORD_MAIN LBRACE body RBRACE KEYWORD_END SEMICOLON
    (2) vars_opt -> . vars_opt VARS
    (3) vars_opt -> . VARS
    (4) vars_opt -> . empty
    (5) VARS -> . KEYWORD_VAR var_list SEMICOLON
    (70) empty -> .

  ! shift/reduce conflict for KEYWORD_VAR resolved as shift
    KEYWORD_VAR     shift and go to state 8
    KEYWORD_VOID    reduce using rule 70 (empty -> .)
    KEYWORD_MAIN    reduce using rule 70 (empty -> .)

  ! KEYWORD_VAR     [ reduce using rule 70 (empty -> .) ]

    vars_opt                       shift and go to state 5
    VARS                           shift and go to state 6
    empty                          shift and go to state 7

state 5

    (1) Programa -> KEYWORD_PROGRAM ID SEMICOLON vars_opt . funcs_opt KEYWORD_MAIN LBRACE body RBRACE KEYWORD_END SEMICOLON
    (2) vars_opt -> vars_opt . VARS
    (12) funcs_opt -> . funcs_opt FUNCS
    (13) funcs_opt -> . FUNCS
    (14) funcs_opt -> . empty
    (5) VARS -> . KEYWORD_VAR var_list SEMICOLON
    (15) FUNCS -> . KEYWORD_VOID ID func_start LPAREN parametros_opt RPAREN LBRACKET vars_opt body RBRACKET func_end SEMICOLON
    (70) empty -> .

  ! shift/reduce conflict for KEYWORD_VOID resolved as shift
    KEYWORD_VAR     shift and go to state 8
    KEYWORD_VOID    shift and go to state 13
    KEYWORD_MAIN    reduce using rule 70 (empty -> .)

  ! KEYWORD_VOID    [ reduce using rule 70 (empty -> .) ]

    funcs_opt                      shift and go to state 9
    VARS                           shift and go to state 10
    FUNCS                          shift and go to state 11
    empty                          shift and go to state 12

state 6

    (3) vars_opt -> VARS .

    KEYWORD_VAR     reduce using rule 3 (vars_opt -> VARS .)
    KEYWORD_VOID    reduce using rule 3 (vars_opt -> VARS .)
    KEYWORD_MAIN    reduce using rule 3 (vars_opt -> VARS .)
    ID              reduce using rule 3 (vars_opt -> VARS .)
    KEYWORD_IF      reduce using rule 3 (vars_opt -> VARS .)
    KEYWORD_DO      reduce using rule 3 (vars_opt -> VARS .)
    KEYWORD_PRINT   reduce using rule 3 (vars_opt -> VARS .)
    RBRACKET        reduce using rule 3 (vars_opt -> VARS .)


state 7

    (4) vars_opt -> empty .

    KEYWORD_VAR     reduce using rule 4 (vars_opt -> empty .)
    KEYWORD_VOID    reduce using rule 4 (vars_opt -> empty .)
    KEYWORD_MAIN    reduce using rule 4 (vars_opt -> empty .)
    ID              reduce using rule 4 (vars_opt -> empty .)
    KEYWORD_IF      reduce using rule 4 (vars_opt -> empty .)
    KEYWORD_DO      reduce using rule 4 (vars_opt -> empty .)
    KEYWORD_PRINT   reduce using rule 4 (vars_opt -> empty .)
    RBRACKET        reduce using rule 4 (vars_opt -> empty .)


state 8

    (5) VARS -> KEYWORD_VAR . var_list SEMICOLON
    (6) var_list -> . ID id_list COLON type

    ID              shift and go to state 15

    var_list                       shift and go to state 14

state 9

    (1) Programa -> KEYWORD_PROGRAM ID SEMICOLON vars_opt funcs_opt . KEYWORD_MAIN LBRACE body RBRACE KEYWORD_END SEMICOLON
    (12) funcs_opt -> funcs_opt . FUNCS
    (15) FUNCS -> . KEYWORD_VOID ID func_start LPAREN parametros_opt RPAREN LBRACKET vars_opt body RBRACKET func_end SEMICOLON

    KEYWORD_MAIN    shift and go to state 16
    KEYWORD_VOID    shift and go to state 13

    FUNCS                          shift and go to state 17

state 10

    (2) vars_opt -> vars_opt VARS .

    KEYWORD_VAR     reduce using rule 2 (vars_opt -> vars_opt VARS .)
    KEYWORD_VOID    reduce using rule 2 (vars_opt -> vars_opt VARS .)
    KEYWORD_MAIN    reduce using rule 2 (vars_opt -> vars_opt VARS .)
    ID              reduce using rule 2 (vars_opt -> vars_opt VARS .)
    KEYWORD_IF      reduce using rule 2 (vars_opt -> vars_opt VARS .)
    KEYWORD_DO      reduce using rule 2 (vars_opt -> vars_opt VARS .)
    KEYWORD_PRINT   reduce using rule 2 (vars_opt -> vars_opt VARS .)
    RBRACKET        reduce using rule 2 (vars_opt -> vars_opt VARS .)


state 11

    (13) funcs_opt -> FUNCS .

    KEYWORD_MAIN    reduce using rule 13 (funcs_opt -> FUNCS .)
    KEYWORD_VOID    reduce using rule 13 (funcs_opt -> FUNCS .)


state 12

    (14) funcs_opt -> empty .

    KEYWORD_MAIN    reduce using rule 14 (funcs_opt -> empty .)
    KEYWORD_VOID    reduce using rule 14 (funcs_opt -> empty .)


state 13

    (15) FUNCS -> KEYWORD_VOID . ID func_start LPAREN parametros_opt RPAREN LBRACKET vars_opt body RBRACKET func_end SEMICOLON

    ID              shift and go to state 18


state 14

    (5) VARS -> KEYWORD_VAR var_list . SEMICOLON

    SEMICOLON       shift and go to state 19


state 15

    (6) var_list -> ID . id_list COLON type
    (7) id_list -> . COMMA ID id_list
    (8) id_list -> . empty
    (70) empty -> .

    COMMA           shift and go to state 21
    COLON           reduce using rule 70 (empty -> .)

    id_list                        shift and go to state 20
    empty                          shift and go to state 22

state 16

    (1) Programa -> KEYWORD_PROGRAM ID SEMICOLON vars_opt funcs_opt KEYWORD_MAIN . LBRACE body RBRACE KEYWORD_END SEMICOLON

    LBRACE          shift and go to state 23


state 17

    (12) funcs_opt -> funcs_opt FUNCS .

    KEYWORD_MAIN    reduce using rule 12 (funcs_opt -> funcs_opt FUNCS .)
    KEYWORD_VOID    reduce using rule 12 (funcs_opt -> funcs_opt FUNCS .)


state 18

    (15) FUNCS -> KEYWORD_VOID ID . func_start LPAREN parametros_opt RPAREN LBRACKET vars_opt body RBRACKET func_end SEMICOLON
    (16) func_start -> .

    LPAREN          reduce using rule 16 (func_start -> .)

    func_start                     shift and go to state 24

state 19

    (5) VARS -> KEYWORD_VAR var_list SEMICOLON .

    KEYWORD_VAR     reduce using rule 5 (VARS -> KEYWORD_VAR var_list SEMICOLON .)
    KEYWORD_VOID    reduce using rule 5 (VARS -> KEYWORD_VAR var_list SEMICOLON .)
    KEYWORD_MAIN    reduce using rule 5 (VARS -> KEYWORD_VAR var_list SEMICOLON .)
    ID              reduce using rule 5 (VARS -> KEYWORD_VAR var_list SEMICOLON .)
    KEYWORD_IF      reduce using rule 5 (VARS -> KEYWORD_VAR var_list SEMICOLON .)
    KEYWORD_DO      reduce using rule 5 (VARS -> KEYWORD_VAR var_list SEMICOLON .)
    KEYWORD_PRINT   reduce using rule 5 (VARS -> KEYWORD_VAR var_list SEMICOLON .)
    RBRACKET        reduce using rule 5 (VARS -> KEYWORD_VAR var_list SEMICOLON .)


state 20

    (6) var_list -> ID id_list . COLON type

    COLON           shift and go to state 25


state 21

    (7) id_list -> COMMA . ID id_list

    ID              shift and go to state 26


state 22

    (8) id_list -> empty .

    COLON           reduce using rule 8 (id_list -> empty .)


state 23

    (1) Programa -> KEYWORD_PROGRAM ID SEMICOLON vars_opt funcs_opt KEYWORD_MAIN LBRACE . body RBRACE KEYWORD_END SEMICOLON
    (23) body -> . statement_list
    (24) statement_list -> . statement statement_list
    (25) statement_list -> . statement
    (26) statement_list -> . empty
    (27) statement -> . assign
    (28) statement -> . condition
    (29) statement -> . cycle
    (30) statement -> . f_call
    (31) statement -> . print
    (70) empty -> .
    (32) assign -> . ID ASSIGN_SIGN expresion SEMICOLON
    (39) condition -> . KEYWORD_IF LPAREN expresion RPAREN cuadr_if LBRACE body RBRACE else_arg SEMICOLON
    (38) cycle -> . KEYWORD_DO LBRACE body RBRACE KEYWORD_WHILE LPAREN expresion RPAREN SEMICOLON
    (44) f_call -> . ID LPAREN expresion_list_opt RPAREN SEMICOLON
    (33) print -> . KEYWORD_PRINT LPAREN print_items RPAREN SEMICOLON

    RBRACE          reduce using rule 70 (empty -> .)
    ID              shift and go to state 27
    KEYWORD_IF      shift and go to state 37
    KEYWORD_DO      shift and go to state 38
    KEYWORD_PRINT   shift and go to state 39

    body                           shift and go to state 28
    statement_list                 shift and go to state 29
    statement                      shift and go to state 30
    empty                          shift and go to state 31
    assign                         shift and go to state 32
    condition                      shift and go to state 33
    cycle                          shift and go to state 34
    f_call                         shift and go to state 35
    print                          shift and go to state 36

state 24

    (15) FUNCS -> KEYWORD_VOID ID func_start . LPAREN parametros_opt RPAREN LBRACKET vars_opt body RBRACKET func_end SEMICOLON

    LPAREN          shift and go to state 40


state 25

    (6) var_list -> ID id_list COLON . type
    (9) type -> . KEYWORD_INT
    (10) type -> . KEYWORD_FLOAT
    (11) type -> . KEYWORD_STRING

    KEYWORD_INT     shift and go to state 42
    KEYWORD_FLOAT   shift and go to state 43
    KEYWORD_STRING  shift and go to state 44

    type                           shift and go to state 41

state 26

    (7) id_list -> COMMA ID . id_list
    (7) id_list -> . COMMA ID id_list
    (8) id_list -> . empty
    (70) empty -> .

    COMMA           shift and go to state 21
    COLON           reduce using rule 70 (empty -> .)

    id_list                        shift and go to state 45
    empty                          shift and go to state 22

state 27

    (32) assign -> ID . ASSIGN_SIGN expresion SEMICOLON
    (44) f_call -> ID . LPAREN expresion_list_opt RPAREN SEMICOLON

    ASSIGN_SIGN     shift and go to state 46
    LPAREN          shift and go to state 47


state 28

    (1) Programa -> KEYWORD_PROGRAM ID SEMICOLON vars_opt funcs_opt KEYWORD_MAIN LBRACE body . RBRACE KEYWORD_END SEMICOLON

    RBRACE          shift and go to state 48


state 29

    (23) body -> statement_list .

    RBRACE          reduce using rule 23 (body -> statement_list .)
    RBRACKET        reduce using rule 23 (body -> statement_list .)


state 30

    (24) statement_list -> statement . statement_list
    (25) statement_list -> statement .
    (24) statement_list -> . statement statement_list
    (25) statement_list -> . statement
    (26) statement_list -> . empty
    (27) statement -> . assign
    (28) statement -> . condition
    (29) statement -> . cycle
    (30) statement -> . f_call
    (31) statement -> . print
    (70) empty -> .
    (32) assign -> . ID ASSIGN_SIGN expresion SEMICOLON
    (39) condition -> . KEYWORD_IF LPAREN expresion RPAREN cuadr_if LBRACE body RBRACE else_arg SEMICOLON
    (38) cycle -> . KEYWORD_DO LBRACE body RBRACE KEYWORD_WHILE LPAREN expresion RPAREN SEMICOLON
    (44) f_call -> . ID LPAREN expresion_list_opt RPAREN SEMICOLON
    (33) print -> . KEYWORD_PRINT LPAREN print_items RPAREN SEMICOLON

  ! reduce/reduce conflict for RBRACE resolved using rule 25 (statement_list -> statement .)
  ! reduce/reduce conflict for RBRACKET resolved using rule 25 (statement_list -> statement .)
    RBRACE          reduce using rule 25 (statement_list -> statement .)
    RBRACKET        reduce using rule 25 (statement_list -> statement .)
    ID              shift and go to state 27
    KEYWORD_IF      shift and go to state 37
    KEYWORD_DO      shift and go to state 38
    KEYWORD_PRINT   shift and go to state 39

  ! RBRACE          [ reduce using rule 70 (empty -> .) ]
  ! RBRACKET        [ reduce using rule 70 (empty -> .) ]

    statement                      shift and go to state 30
    statement_list                 shift and go to state 49
    empty                          shift and go to state 31
    assign                         shift and go to state 32
    condition                      shift and go to state 33
    cycle                          shift and go to state 34
    f_call                         shift and go to state 35
    print                          shift and go to state 36

state 31

    (26) statement_list -> empty .

    RBRACE          reduce using rule 26 (statement_list -> empty .)
    RBRACKET        reduce using rule 26 (statement_list -> empty .)


state 32

    (27) statement -> assign .

    ID              reduce using rule 27 (statement -> assign .)
    KEYWORD_IF      reduce using rule 27 (statement -> assign .)
    KEYWORD_DO      reduce using rule 27 (statement -> assign .)
    KEYWORD_PRINT   reduce using rule 27 (statement -> assign .)
    RBRACE          reduce using rule 27 (statement -> assign .)
    RBRACKET        reduce using rule 27 (statement -> assign .)


state 33

    (28) statement -> condition .

    ID              reduce using rule 28 (statement -> condition .)
    KEYWORD_IF      reduce using rule 28 (statement -> condition .)
    KEYWORD_DO      reduce using rule 28 (statement -> condition .)
    KEYWORD_PRINT   reduce using rule 28 (statement -> condition .)
    RBRACE          reduce using rule 28 (statement -> condition .)
    RBRACKET        reduce using rule 28 (statement -> condition .)


state 34

    (29) statement -> cycle .

    ID              reduce using rule 29 (statement -> cycle .)
    KEYWORD_IF      reduce using rule 29 (statement -> cycle .)
    KEYWORD_DO      reduce using rule 29 (statement -> cycle .)
    KEYWORD_PRINT   reduce using rule 29 (statement -> cycle .)
    RBRACE          reduce using rule 29 (statement -> cycle .)
    RBRACKET        reduce using rule 29 (statement -> cycle .)


state 35

    (30) statement -> f_call .

    ID              reduce using rule 30 (statement -> f_call .)
    KEYWORD_IF      reduce using rule 30 (statement -> f_call .)
    KEYWORD_DO      reduce using rule 30 (statement -> f_call .)
    KEYWORD_PRINT   reduce using rule 30 (statement -> f_call .)
    RBRACE          reduce using rule 30 (statement -> f_call .)
    RBRACKET        reduce using rule 30 (statement -> f_call .)


state 36

    (31) statement -> print .

    ID              reduce using rule 31 (statement -> print .)
    KEYWORD_IF      reduce using rule 31 (statement -> print .)
    KEYWORD_DO      reduce using rule 31 (statement -> print .)
    KEYWORD_PRINT   reduce using rule 31 (statement -> print .)
    RBRACE          reduce using rule 31 (statement -> print .)
    RBRACKET        reduce using rule 31 (statement -> print .)


state 37

    (39) condition -> KEYWORD_IF . LPAREN expresion RPAREN cuadr_if LBRACE body RBRACE else_arg SEMICOLON

    LPAREN          shift and go to state 50


state 38

    (38) cycle -> KEYWORD_DO . LBRACE body RBRACE KEYWORD_WHILE LPAREN expresion RPAREN SEMICOLON

    LBRACE          shift and go to state 51


state 39

    (33) print -> KEYWORD_PRINT . LPAREN print_items RPAREN SEMICOLON

    LPAREN          shift and go to state 52


state 40

    (15) FUNCS -> KEYWORD_VOID ID func_start LPAREN . parametros_opt RPAREN LBRACKET vars_opt body RBRACKET func_end SEMICOLON
    (18) parametros_opt -> . parametros
    (19) parametros_opt -> . empty
    (20) parametros -> . ID COLON type param_list
    (70) empty -> .

    ID              shift and go to state 53
    RPAREN          reduce using rule 70 (empty -> .)

    parametros_opt                 shift and go to state 54
    parametros                     shift and go to state 55
    empty                          shift and go to state 56

state 41

    (6) var_list -> ID id_list COLON type .

    SEMICOLON       reduce using rule 6 (var_list -> ID id_list COLON type .)


state 42

    (9) type -> KEYWORD_INT .

    SEMICOLON       reduce using rule 9 (type -> KEYWORD_INT .)
    COMMA           reduce using rule 9 (type -> KEYWORD_INT .)
    RPAREN          reduce using rule 9 (type -> KEYWORD_INT .)


state 43

    (10) type -> KEYWORD_FLOAT .

    SEMICOLON       reduce using rule 10 (type -> KEYWORD_FLOAT .)
    COMMA           reduce using rule 10 (type -> KEYWORD_FLOAT .)
    RPAREN          reduce using rule 10 (type -> KEYWORD_FLOAT .)


state 44

    (11) type -> KEYWORD_STRING .

    SEMICOLON       reduce using rule 11 (type -> KEYWORD_STRING .)
    COMMA           reduce using rule 11 (type -> KEYWORD_STRING .)
    RPAREN          reduce using rule 11 (type -> KEYWORD_STRING .)


state 45

    (7) id_list -> COMMA ID id_list .

    COLON           reduce using rule 7 (id_list -> COMMA ID id_list .)


state 46

    (32) assign -> ID ASSIGN_SIGN . expresion SEMICOLON
    (49) expresion -> . exp comparador exp
    (50) expresion -> . exp
    (57) exp -> . exp OP_SUM termino
    (58) exp -> . exp OP_SUB termino
    (59) exp -> . termino
    (60) termino -> . termino OP_MUL factor
    (61) termino -> . termino OP_DIV factor
    (62) termino -> . factor
    (63) factor -> . LPAREN expresion RPAREN
    (64) factor -> . OP_SUM varcte
    (65) factor -> . OP_SUB varcte
    (66) factor -> . varcte
    (67) varcte -> . ID
    (68) varcte -> . CTE_INT
    (69) varcte -> . CTE_FLOAT

    LPAREN          shift and go to state 64
    OP_SUM          shift and go to state 60
    OP_SUB          shift and go to state 62
    ID              shift and go to state 57
    CTE_INT         shift and go to state 66
    CTE_FLOAT       shift and go to state 67

    expresion                      shift and go to state 58
    exp                            shift and go to state 59
    termino                        shift and go to state 61
    factor                         shift and go to state 63
    varcte                         shift and go to state 65

state 47

    (44) f_call -> ID LPAREN . expresion_list_opt RPAREN SEMICOLON
    (45) expresion_list_opt -> . expresion_list
    (46) expresion_list_opt -> . empty
    (47) expresion_list -> . expresion_list COMMA expresion
    (48) expresion_list -> . expresion
    (70) empty -> .
    (49) expresion -> . exp comparador exp
    (50) expresion -> . exp
    (57) exp -> . exp OP_SUM termino
    (58) exp -> . exp OP_SUB termino
    (59) exp -> . termino
    (60) termino -> . termino OP_MUL factor
    (61) termino -> . termino OP_DIV factor
    (62) termino -> . factor
    (63) factor -> . LPAREN expresion RPAREN
    (64) factor -> . OP_SUM varcte
    (65) factor -> . OP_SUB varcte
    (66) factor -> . varcte
    (67) varcte -> . ID
    (68) varcte -> . CTE_INT
    (69) varcte -> . CTE_FLOAT

    RPAREN          reduce using rule 70 (empty -> .)
    LPAREN          shift and go to state 64
    OP_SUM          shift and go to state 60
    OP_SUB          shift and go to state 62
    ID              shift and go to state 57
    CTE_INT         shift and go to state 66
    CTE_FLOAT       shift and go to state 67

    expresion_list_opt             shift and go to state 68
    expresion_list                 shift and go to state 69
    empty                          shift and go to state 70
    expresion                      shift and go to state 71
    exp                            shift and go to state 59
    termino                        shift and go to state 61
    factor                         shift and go to state 63
    varcte                         shift and go to state 65

state 48

    (1) Programa -> KEYWORD_PROGRAM ID SEMICOLON vars_opt funcs_opt KEYWORD_MAIN LBRACE body RBRACE . KEYWORD_END SEMICOLON

    KEYWORD_END     shift and go to state 72


state 49

    (24) statement_list -> statement statement_list .

    RBRACE          reduce using rule 24 (statement_list -> statement statement_list .)
    RBRACKET        reduce using rule 24 (statement_list -> statement statement_list .)


state 50

    (39) condition -> KEYWORD_IF LPAREN . expresion RPAREN cuadr_if LBRACE body RBRACE else_arg SEMICOLON
    (49) expresion -> . exp comparador exp
    (50) expresion -> . exp
    (57) exp -> . exp OP_SUM termino
    (58) exp -> . exp OP_SUB termino
    (59) exp -> . termino
    (60) termino -> . termino OP_MUL factor
    (61) termino -> . termino OP_DIV factor
    (62) termino -> . factor
    (63) factor -> . LPAREN expresion RPAREN
    (64) factor -> . OP_SUM varcte
    (65) factor -> . OP_SUB varcte
    (66) factor -> . varcte
    (67) varcte -> . ID
    (68) varcte -> . CTE_INT
    (69) varcte -> . CTE_FLOAT

    LPAREN          shift and go to state 64
    OP_SUM          shift and go to state 60
    OP_SUB          shift and go to state 62
    ID              shift and go to state 57
    CTE_INT         shift and go to state 66
    CTE_FLOAT       shift and go to state 67

    expresion                      shift and go to state 73
    exp                            shift and go to state 59
    termino                        shift and go to state 61
    factor                         shift and go to state 63
    varcte                         shift and go to state 65

state 51

    (38) cycle -> KEYWORD_DO LBRACE . body RBRACE KEYWORD_WHILE LPAREN expresion RPAREN SEMICOLON
    (23) body -> . statement_list
    (24) statement_list -> . statement statement_list
    (25) statement_list -> . statement
    (26) statement_list -> . empty
    (27) statement -> . assign
    (28) statement -> . condition
    (29) statement -> . cycle
    (30) statement -> . f_call
    (31) statement -> . print
    (70) empty -> .
    (32) assign -> . ID ASSIGN_SIGN expresion SEMICOLON
    (39) condition -> . KEYWORD_IF LPAREN expresion RPAREN cuadr_if LBRACE body RBRACE else_arg SEMICOLON
    (38) cycle -> . KEYWORD_DO LBRACE body RBRACE KEYWORD_WHILE LPAREN expresion RPAREN SEMICOLON
    (44) f_call -> . ID LPAREN expresion_list_opt RPAREN SEMICOLON
    (33) print -> . KEYWORD_PRINT LPAREN print_items RPAREN SEMICOLON

    RBRACE          reduce using rule 70 (empty -> .)
    ID              shift and go to state 27
    KEYWORD_IF      shift and go to state 37
    KEYWORD_DO      shift and go to state 38
    KEYWORD_PRINT   shift and go to state 39

    body                           shift and go to state 74
    statement_list                 shift and go to state 29
    statement                      shift and go to state 30
    empty                          shift and go to state 31
    assign                         shift and go to state 32
    condition                      shift and go to state 33
    cycle                          shift and go to state 34
    f_call                         shift and go to state 35
    print                          shift and go to state 36

state 52

    (33) print -> KEYWORD_PRINT LPAREN . print_items RPAREN SEMICOLON
    (34) print_items -> . print_items COMMA print_item
    (35) print_items -> . print_item
    (36) print_item -> . expresion
    (37) print_item -> . CTE_STRING
    (49) expresion -> . exp comparador exp
    (50) expresion -> . exp
    (57) exp -> . exp OP_SUM termino
    (58) exp -> . exp OP_SUB termino
    (59) exp -> . termino
    (60) termino -> . termino OP_MUL factor
    (61) termino -> . termino OP_DIV factor
    (62) termino -> . factor
    (63) factor -> . LPAREN expresion RPAREN
    (64) factor -> . OP_SUM varcte
    (65) factor -> . OP_SUB varcte
    (66) factor -> . varcte
    (67) varcte -> . ID
    (68) varcte -> . CTE_INT
    (69) varcte -> . CTE_FLOAT

    CTE_STRING      shift and go to state 78
    LPAREN          shift and go to state 64
    OP_SUM          shift and go to state 60
    OP_SUB          shift and go to state 62
    ID              shift and go to state 57
    CTE_INT         shift and go to state 66
    CTE_FLOAT       shift and go to state 67

    print_items                    shift and go to state 75
    print_item                     shift and go to state 76
    expresion                      shift and go to state 77
    exp                            shift and go to state 59
    termino                        shift and go to state 61
    factor                         shift and go to state 63
    varcte                         shift and go to state 65

state 53

    (20) parametros -> ID . COLON type param_list

    COLON           shift and go to state 79


state 54

    (15) FUNCS -> KEYWORD_VOID ID func_start LPAREN parametros_opt . RPAREN LBRACKET vars_opt body RBRACKET func_end SEMICOLON

    RPAREN          shift and go to state 80


state 55

    (18) parametros_opt -> parametros .

    RPAREN          reduce using rule 18 (parametros_opt -> parametros .)


state 56

    (19) parametros_opt -> empty .

    RPAREN          reduce using rule 19 (parametros_opt -> empty .)


state 57

    (67) varcte -> ID .

    OP_MUL          reduce using rule 67 (varcte -> ID .)
    OP_DIV          reduce using rule 67 (varcte -> ID .)
    OP_SUM          reduce using rule 67 (varcte -> ID .)
    OP_SUB          reduce using rule 67 (varcte -> ID .)
    LESS            reduce using rule 67 (varcte -> ID .)
    GREATER         reduce using rule 67 (varcte -> ID .)
    NOT_EQUAL       reduce using rule 67 (varcte -> ID .)
    EQUAL           reduce using rule 67 (varcte -> ID .)
    GREATER_EQUAL   reduce using rule 67 (varcte -> ID .)
    LESS_EQUAL      reduce using rule 67 (varcte -> ID .)
    SEMICOLON       reduce using rule 67 (varcte -> ID .)
    COMMA           reduce using rule 67 (varcte -> ID .)
    RPAREN          reduce using rule 67 (varcte -> ID .)


state 58

    (32) assign -> ID ASSIGN_SIGN expresion . SEMICOLON

    SEMICOLON       shift and go to state 81


state 59

    (49) expresion -> exp . comparador exp
    (50) expresion -> exp .
    (57) exp -> exp . OP_SUM termino
    (58) exp -> exp . OP_SUB termino
    (51) comparador -> . LESS
    (52) comparador -> . GREATER
    (53) comparador -> . NOT_EQUAL
    (54) comparador -> . EQUAL
    (55) comparador -> . GREATER_EQUAL
    (56) comparador -> . LESS_EQUAL

    SEMICOLON       reduce using rule 50 (expresion -> exp .)
    COMMA           reduce using rule 50 (expresion -> exp .)
    RPAREN          reduce using rule 50 (expresion -> exp .)
    OP_SUM          shift and go to state 83
    OP_SUB          shift and go to state 84
    LESS            shift and go to state 85
    GREATER         shift and go to state 86
    NOT_EQUAL       shift and go to state 87
    EQUAL           shift and go to state 88
    GREATER_EQUAL   shift and go to state 89
    LESS_EQUAL      shift and go to state 90

    comparador                     shift and go to state 82

state 60

    (64) factor -> OP_SUM . varcte
    (67) varcte -> . ID
    (68) varcte -> . CTE_INT
    (69) varcte -> . CTE_FLOAT

    ID              shift and go to state 57
    CTE_INT         shift and go to state 66
    CTE_FLOAT       shift and go to state 67

    varcte                         shift and go to state 91

state 61

    (59) exp -> termino .
    (60) termino -> termino . OP_MUL factor
    (61) termino -> termino . OP_DIV factor

    OP_SUM          reduce using rule 59 (exp -> termino .)
    OP_SUB          reduce using rule 59 (exp -> termino .)
    LESS            reduce using rule 59 (exp -> termino .)
    GREATER         reduce using rule 59 (exp -> termino .)
    NOT_EQUAL       reduce using rule 59 (exp -> termino .)
    EQUAL           reduce using rule 59 (exp -> termino .)
    GREATER_EQUAL   reduce using rule 59 (exp -> termino .)
    LESS_EQUAL      reduce using rule 59 (exp -> termino .)
    SEMICOLON       reduce using rule 59 (exp -> termino .)
    COMMA           reduce using rule 59 (exp -> termino .)
    RPAREN          reduce using rule 59 (exp -> termino .)
    OP_MUL          shift and go to state 92
    OP_DIV          shift and go to state 93


state 62

    (65) factor -> OP_SUB . varcte
    (67) varcte -> . ID
    (68) varcte -> . CTE_INT
    (69) varcte -> . CTE_FLOAT

    ID              shift and go to state 57
    CTE_INT         shift and go to state 66
    CTE_FLOAT       shift and go to state 67

    varcte                         shift and go to state 94

state 63

    (62) termino -> factor .

    OP_MUL          reduce using rule 62 (termino -> factor .)
    OP_DIV          reduce using rule 62 (termino -> factor .)
    OP_SUM          reduce using rule 62 (termino -> factor .)
    OP_SUB          reduce using rule 62 (termino -> factor .)
    LESS            reduce using rule 62 (termino -> factor .)
    GREATER         reduce using rule 62 (termino -> factor .)
    NOT_EQUAL       reduce using rule 62 (termino -> factor .)
    EQUAL           reduce using rule 62 (termino -> factor .)
    GREATER_EQUAL   reduce using rule 62 (termino -> factor .)
    LESS_EQUAL      reduce using rule 62 (termino -> factor .)
    SEMICOLON       reduce using rule 62 (termino -> factor .)
    COMMA           reduce using rule 62 (termino -> factor .)
    RPAREN          reduce using rule 62 (termino -> factor .)


state 64

    (63) factor -> LPAREN . expresion RPAREN
    (49) expresion -> . exp comparador exp
    (50) expresion -> . exp
    (57) exp -> . exp OP_SUM termino
    (58) exp -> . exp OP_SUB termino
    (59) exp -> . termino
    (60) termino -> . termino OP_MUL factor
    (61) termino -> . termino OP_DIV factor
    (62) termino -> . factor
    (63) factor -> . LPAREN expresion RPAREN
    (64) factor -> . OP_SUM varcte
    (65) factor -> . OP_SUB varcte
    (66) factor -> . varcte
    (67) varcte -> . ID
    (68) varcte -> . CTE_INT
    (69) varcte -> . CTE_FLOAT

    LPAREN          shift and go to state 64
    OP_SUM          shift and go to state 60
    OP_SUB          shift and go to state 62
    ID              shift and go to state 57
    CTE_INT         shift and go to state 66
    CTE_FLOAT       shift and go to state 67

    expresion                      shift and go to state 95
    exp                            shift and go to state 59
    termino                        shift and go to state 61
    factor                         shift and go to state 63
    varcte                         shift and go to state 65

state 65

    (66) factor -> varcte .

    OP_MUL          reduce using rule 66 (factor -> varcte .)
    OP_DIV          reduce using rule 66 (factor -> varcte .)
    OP_SUM          reduce using rule 66 (factor -> varcte .)
    OP_SUB          reduce using rule 66 (factor -> varcte .)
    LESS            reduce using rule 66 (factor -> varcte .)
    GREATER         reduce using rule 66 (factor -> varcte .)
    NOT_EQUAL       reduce using rule 66 (factor -> varcte .)
    EQUAL           reduce using rule 66 (factor -> varcte .)
    GREATER_EQUAL   reduce using rule 66 (factor -> varcte .)
    LESS_EQUAL      reduce using rule 66 (factor -> varcte .)
    SEMICOLON       reduce using rule 66 (factor -> varcte .)
    COMMA           reduce using rule 66 (factor -> varcte .)
    RPAREN          reduce using rule 66 (factor -> varcte .)


state 66

    (68) varcte -> CTE_INT .

    OP_MUL          reduce using rule 68 (varcte -> CTE_INT .)
    OP_DIV          reduce using rule 68 (varcte -> CTE_INT .)
    OP_SUM          reduce using rule 68 (varcte -> CTE_INT .)
    OP_SUB          reduce using rule 68 (varcte -> CTE_INT .)
    LESS            reduce using rule 68 (varcte -> CTE_INT .)
    GREATER         reduce using rule 68 (varcte -> CTE_INT .)
    NOT_EQUAL       reduce using rule 68 (varcte -> CTE_INT .)
    EQUAL           reduce using rule 68 (varcte -> CTE_INT .)
    GREATER_EQUAL   reduce using rule 68 (varcte -> CTE_INT .)
    LESS_EQUAL      reduce using rule 68 (varcte -> CTE_INT .)
    SEMICOLON       reduce using rule 68 (varcte -> CTE_INT .)
    COMMA           reduce using rule 68 (varcte -> CTE_INT .)
    RPAREN          reduce using rule 68 (varcte -> CTE_INT .)


state 67

    (69) varcte -> CTE_FLOAT .

    OP_MUL          reduce using rule 69 (varcte -> CTE_FLOAT .)
    OP_DIV          reduce using rule 69 (varcte -> CTE_FLOAT .)
    OP_SUM          reduce using rule 69 (varcte -> CTE_FLOAT .)
    OP_SUB          reduce using rule 69 (varcte -> CTE_FLOAT .)
    LESS            reduce using rule 69 (varcte -> CTE_FLOAT .)
    GREATER         reduce using rule 69 (varcte -> CTE_FLOAT .)
    NOT_EQUAL       reduce using rule 69 (varcte -> CTE_FLOAT .)
    EQUAL           reduce using rule 69 (varcte -> CTE_FLOAT .)
    GREATER_EQUAL   reduce using rule 69 (varcte -> CTE_FLOAT .)
    LESS_EQUAL      reduce using rule 69 (varcte -> CTE_FLOAT .)
    SEMICOLON       reduce using rule 69 (varcte -> CTE_FLOAT .)
    COMMA           reduce using rule 69 (varcte -> CTE_FLOAT .)
    RPAREN          reduce using rule 69 (varcte -> CTE_FLOAT .)


state 68

    (44) f_call -> ID LPAREN expresion_list_opt . RPAREN SEMICOLON

    RPAREN          shift and go to state 96


state 69

    (45) expresion_list_opt -> expresion_list .
    (47) expresion_list -> expresion_list . COMMA expresion

    RPAREN          reduce using rule 45 (expresion_list_opt -> expresion_list .)
    COMMA           shift and go to state 97


state 70

    (46) expresion_list_opt -> empty .

    RPAREN          reduce using rule 46 (expresion_list_opt -> empty .)


state 71

    (48) expresion_list -> expresion .

    COMMA           reduce using rule 48 (expresion_list -> expresion .)
    RPAREN          reduce using rule 48 (expresion_list -> expresion .)


state 72

    (1) Programa -> KEYWORD_PROGRAM ID SEMICOLON vars_opt funcs_opt KEYWORD_MAIN LBRACE body RBRACE KEYWORD_END . SEMICOLON

    SEMICOLON       shift and go to state 98


state 73

    (39) condition -> KEYWORD_IF LPAREN expresion . RPAREN cuadr_if LBRACE body RBRACE else_arg SEMICOLON

    RPAREN          shift and go to state 99


state 74

    (38) cycle -> KEYWORD_DO LBRACE body . RBRACE KEYWORD_WHILE LPAREN expresion RPAREN SEMICOLON

    RBRACE          shift and go to state 100


state 75

    (33) print -> KEYWORD_PRINT LPAREN print_items . RPAREN SEMICOLON
    (34) print_items -> print_items . COMMA print_item

    RPAREN          shift and go to state 101
    COMMA           shift and go to state 102


state 76

    (35) print_items -> print_item .

    RPAREN          reduce using rule 35 (print_items -> print_item .)
    COMMA           reduce using rule 35 (print_items -> print_item .)


state 77

    (36) print_item -> expresion .

    RPAREN          reduce using rule 36 (print_item -> expresion .)
    COMMA           reduce using rule 36 (print_item -> expresion .)


state 78

    (37) print_item -> CTE_STRING .

    RPAREN          reduce using rule 37 (print_item -> CTE_STRING .)
    COMMA           reduce using rule 37 (print_item -> CTE_STRING .)


state 79

    (20) parametros -> ID COLON . type param_list
    (9) type -> . KEYWORD_INT
    (10) type -> . KEYWORD_FLOAT
    (11) type -> . KEYWORD_STRING

    KEYWORD_INT     shift and go to state 42
    KEYWORD_FLOAT   shift and go to state 43
    KEYWORD_STRING  shift and go to state 44

    type                           shift and go to state 103

state 80

    (15) FUNCS -> KEYWORD_VOID ID func_start LPAREN parametros_opt RPAREN . LBRACKET vars_opt body RBRACKET func_end SEMICOLON

    LBRACKET        shift and go to state 104


state 81

    (32) assign -> ID ASSIGN_SIGN expresion SEMICOLON .

    ID              reduce using rule 32 (assign -> ID ASSIGN_SIGN expresion SEMICOLON .)
    KEYWORD_IF      reduce using rule 32 (assign -> ID ASSIGN_SIGN expresion SEMICOLON .)
    KEYWORD_DO      reduce using rule 32 (assign -> ID ASSIGN_SIGN expresion SEMICOLON .)
    KEYWORD_PRINT   reduce using rule 32 (assign -> ID ASSIGN_SIGN expresion SEMICOLON .)
    RBRACE          reduce using rule 32 (assign -> ID ASSIGN_SIGN expresion SEMICOLON .)
    RBRACKET        reduce using rule 32 (assign -> ID ASSIGN_SIGN expresion SEMICOLON .)


state 82

    (49) expresion -> exp comparador . exp
    (57) exp -> . exp OP_SUM termino
    (58) exp -> . exp OP_SUB termino
    (59) exp -> . termino
    (60) termino -> . termino OP_MUL factor
    (61) termino -> . termino OP_DIV factor
    (62) termino -> . factor
    (63) factor -> . LPAREN expresion RPAREN
    (64) factor -> . OP_SUM varcte
    (65) factor -> . OP_SUB varcte
    (66) factor -> . varcte
    (67) varcte -> . ID
    (68) varcte -> . CTE_INT
    (69) varcte -> . CTE_FLOAT

    LPAREN          shift and go to state 64
    OP_SUM          shift and go to state 60
    OP_SUB          shift and go to state 62
    ID              shift and go to state 57
    CTE_INT         shift and go to state 66
    CTE_FLOAT       shift and go to state 67

    exp                            shift and go to state 105
    termino                        shift and go to state 61
    factor                         shift and go to state 63
    varcte                         shift and go to state 65

state 83

    (57) exp -> exp OP_SUM . termino
    (60) termino -> . termino OP_MUL factor
    (61) termino -> . termino OP_DIV factor
    (62) termino -> . factor
    (63) factor -> . LPAREN expresion RPAREN
    (64) factor -> . OP_SUM varcte
    (65) factor -> . OP_SUB varcte
    (66) factor -> . varcte
    (67) varcte -> . ID
    (68) varcte -> . CTE_INT
    (69) varcte -> . CTE_FLOAT

    LPAREN          shift and go to state 64
    OP_SUM          shift and go to state 60
    OP_SUB          shift and go to state 62
    ID              shift and go to state 57
    CTE_INT         shift and go to state 66
    CTE_FLOAT       shift and go to state 67

    termino                        shift and go to state 106
    factor                         shift and go to state 63
    varcte                         shift and go to state 65

state 84

    (58) exp -> exp OP_SUB . termino
    (60) termino -> . termino OP_MUL factor
    (61) termino -> . termino OP_DIV factor
    (62) termino -> . factor
    (63) factor -> . LPAREN expresion RPAREN
    (64) factor -> . OP_SUM varcte
    (65) factor -> . OP_SUB varcte
    (66) factor -> . varcte
    (67) varcte -> . ID
    (68) varcte -> . CTE_INT
    (69) varcte -> . CTE_FLOAT

    LPAREN          shift and go to state 64
    OP_SUM          shift and go to state 60
    OP_SUB          shift and go to state 62
    ID              shift and go to state 57
    CTE_INT         shift and go to state 66
    CTE_FLOAT       shift and go to state 67

    termino                        shift and go to state 107
    factor                         shift and go to state 63
    varcte                         shift and go to state 65

state 85

    (51) comparador -> LESS .

    LPAREN          reduce using rule 51 (comparador -> LESS .)
    OP_SUM          reduce using rule 51 (comparador -> LESS .)
    OP_SUB          reduce using rule 51 (comparador -> LESS .)
    ID              reduce using rule 51 (comparador -> LESS .)
    CTE_INT         reduce using rule 51 (comparador -> LESS .)
    CTE_FLOAT       reduce using rule 51 (comparador -> LESS .)


state 86

    (52) comparador -> GREATER .

    LPAREN          reduce using rule 52 (comparador -> GREATER .)
    OP_SUM          reduce using rule 52 (comparador -> GREATER .)
    OP_SUB          reduce using rule 52 (comparador -> GREATER .)
    ID              reduce using rule 52 (comparador -> GREATER .)
    CTE_INT         reduce using rule 52 (comparador -> GREATER .)
    CTE_FLOAT       reduce using rule 52 (comparador -> GREATER .)


state 87

    (53) comparador -> NOT_EQUAL .

    LPAREN          reduce using rule 53 (comparador -> NOT_EQUAL .)
    OP_SUM          reduce using rule 53 (comparador -> NOT_EQUAL .)
    OP_SUB          reduce using rule 53 (comparador -> NOT_EQUAL .)
    ID              reduce using rule 53 (comparador -> NOT_EQUAL .)
    CTE_INT         reduce using rule 53 (comparador -> NOT_EQUAL .)
    CTE_FLOAT       reduce using rule 53 (comparador -> NOT_EQUAL .)


state 88

    (54) comparador -> EQUAL .

    LPAREN          reduce using rule 54 (comparador -> EQUAL .)
    OP_SUM          reduce using rule 54 (comparador -> EQUAL .)
    OP_SUB          reduce using rule 54 (comparador -> EQUAL .)
    ID              reduce using rule 54 (comparador -> EQUAL .)
    CTE_INT         reduce using rule 54 (comparador -> EQUAL .)
    CTE_FLOAT       reduce using rule 54 (comparador -> EQUAL .)


state 89

    (55) comparador -> GREATER_EQUAL .

    LPAREN          reduce using rule 55 (comparador -> GREATER_EQUAL .)
    OP_SUM          reduce using rule 55 (comparador -> GREATER_EQUAL .)
    OP_SUB          reduce using rule 55 (comparador -> GREATER_EQUAL .)
    ID              reduce using rule 55 (comparador -> GREATER_EQUAL .)
    CTE_INT         reduce using rule 55 (comparador -> GREATER_EQUAL .)
    CTE_FLOAT       reduce using rule 55 (comparador -> GREATER_EQUAL .)


state 90

    (56) comparador -> LESS_EQUAL .

    LPAREN          reduce using rule 56 (comparador -> LESS_EQUAL .)
    OP_SUM          reduce using rule 56 (comparador -> LESS_EQUAL .)
    OP_SUB          reduce using rule 56 (comparador -> LESS_EQUAL .)
    ID              reduce using rule 56 (comparador -> LESS_EQUAL .)
    CTE_INT         reduce using rule 56 (comparador -> LESS_EQUAL .)
    CTE_FLOAT       reduce using rule 56 (comparador -> LESS_EQUAL .)


state 91

    (64) factor -> OP_SUM varcte .

    OP_MUL          reduce using rule 64 (factor -> OP_SUM varcte .)
    OP_DIV          reduce using rule 64 (factor -> OP_SUM varcte .)
    OP_SUM          reduce using rule 64 (factor -> OP_SUM varcte .)
    OP_SUB          reduce using rule 64 (factor -> OP_SUM varcte .)
    LESS            reduce using rule 64 (factor -> OP_SUM varcte .)
    GREATER         reduce using rule 64 (factor -> OP_SUM varcte .)
    NOT_EQUAL       reduce using rule 64 (factor -> OP_SUM varcte .)
    EQUAL           reduce using rule 64 (factor -> OP_SUM varcte .)
    GREATER_EQUAL   reduce using rule 64 (factor -> OP_SUM varcte .)
    LESS_EQUAL      reduce using rule 64 (factor -> OP_SUM varcte .)
    SEMICOLON       reduce using rule 64 (factor -> OP_SUM varcte .)
    COMMA           reduce using rule 64 (factor -> OP_SUM varcte .)
    RPAREN          reduce using rule 64 (factor -> OP_SUM varcte .)


state 92

    (60) termino -> termino OP_MUL . factor
    (63) factor -> . LPAREN expresion RPAREN
    (64) factor -> . OP_SUM varcte
    (65) factor -> . OP_SUB varcte
    (66) factor -> . varcte
    (67) varcte -> . ID
    (68) varcte -> . CTE_INT
    (69) varcte -> . CTE_FLOAT

    LPAREN          shift and go to state 64
    OP_SUM          shift and go to state 60
    OP_SUB          shift and go to state 62
    ID              shift and go to state 57
    CTE_INT         shift and go to state 66
    CTE_FLOAT       shift and go to state 67

    factor                         shift and go to state 108
    varcte                         shift and go to state 65

state 93

    (61) termino -> termino OP_DIV . factor
    (63) factor -> . LPAREN expresion RPAREN
    (64) factor -> . OP_SUM varcte
    (65) factor -> . OP_SUB varcte
    (66) factor -> . varcte
    (67) varcte -> . ID
    (68) varcte -> . CTE_INT
    (69) varcte -> . CTE_FLOAT

    LPAREN          shift and go to state 64
    OP_SUM          shift and go to state 60
    OP_SUB          shift and go to state 62
    ID              shift and go to state 57
    CTE_INT         shift and go to state 66
    CTE_FLOAT       shift and go to state 67

    factor                         shift and go to state 109
    varcte                         shift and go to state 65

state 94

    (65) factor -> OP_SUB varcte .

    OP_MUL          reduce using rule 65 (factor -> OP_SUB varcte .)
    OP_DIV          reduce using rule 65 (factor -> OP_SUB varcte .)
    OP_SUM          reduce using rule 65 (factor -> OP_SUB varcte .)
    OP_SUB          reduce using rule 65 (factor -> OP_SUB varcte .)
    LESS            reduce using rule 65 (factor -> OP_SUB varcte .)
    GREATER         reduce using rule 65 (factor -> OP_SUB varcte .)
    NOT_EQUAL       reduce using rule 65 (factor -> OP_SUB varcte .)
    EQUAL           reduce using rule 65 (factor -> OP_SUB varcte .)
    GREATER_EQUAL   reduce using rule 65 (factor -> OP_SUB varcte .)
    LESS_EQUAL      reduce using rule 65 (factor -> OP_SUB varcte .)
    SEMICOLON       reduce using rule 65 (factor -> OP_SUB varcte .)
    COMMA           reduce using rule 65 (factor -> OP_SUB varcte .)
    RPAREN          reduce using rule 65 (factor -> OP_SUB varcte .)


state 95

    (63) factor -> LPAREN expresion . RPAREN

    RPAREN          shift and go to state 110


state 96

    (44) f_call -> ID LPAREN expresion_list_opt RPAREN . SEMICOLON

    SEMICOLON       shift and go to state 111


state 97

    (47) expresion_list -> expresion_list COMMA . expresion
    (49) expresion -> . exp comparador exp
    (50) expresion -> . exp
    (57) exp -> . exp OP_SUM termino
    (58) exp -> . exp OP_SUB termino
    (59) exp -> . termino
    (60) termino -> . termino OP_MUL factor
    (61) termino -> . termino OP_DIV factor
    (62) termino -> . factor
    (63) factor -> . LPAREN expresion RPAREN
    (64) factor -> . OP_SUM varcte
    (65) factor -> . OP_SUB varcte
    (66) factor -> . varcte
    (67) varcte -> . ID
    (68) varcte -> . CTE_INT
    (69) varcte -> . CTE_FLOAT

    LPAREN          shift and go to state 64
    OP_SUM          shift and go to state 60
    OP_SUB          shift and go to state 62
    ID              shift and go to state 57
    CTE_INT         shift and go to state 66
    CTE_FLOAT       shift and go to state 67

    expresion                      shift and go to state 112
    exp                            shift and go to state 59
    termino                        shift and go to state 61
    factor                         shift and go to state 63
    varcte                         shift and go to state 65

state 98

    (1) Programa -> KEYWORD_PROGRAM ID SEMICOLON vars_opt funcs_opt KEYWORD_MAIN LBRACE body RBRACE KEYWORD_END SEMICOLON .

    $end            reduce using rule 1 (Programa -> KEYWORD_PROGRAM ID SEMICOLON vars_opt funcs_opt KEYWORD_MAIN LBRACE body RBRACE KEYWORD_END SEMICOLON .)


state 99

    (39) condition -> KEYWORD_IF LPAREN expresion RPAREN . cuadr_if LBRACE body RBRACE else_arg SEMICOLON
    (40) cuadr_if -> .

    LBRACE          reduce using rule 40 (cuadr_if -> .)

    cuadr_if                       shift and go to state 113

state 100

    (38) cycle -> KEYWORD_DO LBRACE body RBRACE . KEYWORD_WHILE LPAREN expresion RPAREN SEMICOLON

    KEYWORD_WHILE   shift and go to state 114


state 101

    (33) print -> KEYWORD_PRINT LPAREN print_items RPAREN . SEMICOLON

    SEMICOLON       shift and go to state 115


state 102

    (34) print_items -> print_items COMMA . print_item
    (36) print_item -> . expresion
    (37) print_item -> . CTE_STRING
    (49) expresion -> . exp comparador exp
    (50) expresion -> . exp
    (57) exp -> . exp OP_SUM termino
    (58) exp -> . exp OP_SUB termino
    (59) exp -> . termino
    (60) termino -> . termino OP_MUL factor
    (61) termino -> . termino OP_DIV factor
    (62) termino -> . factor
    (63) factor -> . LPAREN expresion RPAREN
    (64) factor -> . OP_SUM varcte
    (65) factor -> . OP_SUB varcte
    (66) factor -> . varcte
    (67) varcte -> . ID
    (68) varcte -> . CTE_INT
    (69) varcte -> . CTE_FLOAT

    CTE_STRING      shift and go to state 78
    LPAREN          shift and go to state 64
    OP_SUM          shift and go to state 60
    OP_SUB          shift and go to state 62
    ID              shift and go to state 57
    CTE_INT         shift and go to state 66
    CTE_FLOAT       shift and go to state 67

    print_item                     shift and go to state 116
    expresion                      shift and go to state 77
    exp                            shift and go to state 59
    termino                        shift and go to state 61
    factor                         shift and go to state 63
    varcte                         shift and go to state 65

state 103

    (20) parametros -> ID COLON type . param_list
    (21) param_list -> . COMMA ID COLON type param_list
    (22) param_list -> . empty
    (70) empty -> .

    COMMA           shift and go to state 118
    RPAREN          reduce using rule 70 (empty -> .)

    param_list                     shift and go to state 117
    empty                          shift and go to state 119

state 104

    (15) FUNCS -> KEYWORD_VOID ID func_start LPAREN parametros_opt RPAREN LBRACKET . vars_opt body RBRACKET func_end SEMICOLON
    (2) vars_opt -> . vars_opt VARS
    (3) vars_opt -> . VARS
    (4) vars_opt -> . empty
    (5) VARS -> . KEYWORD_VAR var_list SEMICOLON
    (70) empty -> .

  ! shift/reduce conflict for KEYWORD_VAR resolved as shift
    KEYWORD_VAR     shift and go to state 8
    ID              reduce using rule 70 (empty -> .)
    KEYWORD_IF      reduce using rule 70 (empty -> .)
    KEYWORD_DO      reduce using rule 70 (empty -> .)
    KEYWORD_PRINT   reduce using rule 70 (empty -> .)
    RBRACKET        reduce using rule 70 (empty -> .)

  ! KEYWORD_VAR     [ reduce using rule 70 (empty -> .) ]

    vars_opt                       shift and go to state 120
    VARS                           shift and go to state 6
    empty                          shift and go to state 7

state 105

    (49) expresion -> exp comparador exp .
    (57) exp -> exp . OP_SUM termino
    (58) exp -> exp . OP_SUB termino

    SEMICOLON       reduce using rule 49 (expresion -> exp comparador exp .)
    COMMA           reduce using rule 49 (expresion -> exp comparador exp .)
    RPAREN          reduce using rule 49 (expresion -> exp comparador exp .)
    OP_SUM          shift and go to state 83
    OP_SUB          shift and go to state 84


state 106

    (57) exp -> exp OP_SUM termino .
    (60) termino -> termino . OP_MUL factor
    (61) termino -> termino . OP_DIV factor

    OP_SUM          reduce using rule 57 (exp -> exp OP_SUM termino .)
    OP_SUB          reduce using rule 57 (exp -> exp OP_SUM termino .)
    LESS            reduce using rule 57 (exp -> exp OP_SUM termino .)
    GREATER         reduce using rule 57 (exp -> exp OP_SUM termino .)
    NOT_EQUAL       reduce using rule 57 (exp -> exp OP_SUM termino .)
    EQUAL           reduce using rule 57 (exp -> exp OP_SUM termino .)
    GREATER_EQUAL   reduce using rule 57 (exp -> exp OP_SUM termino .)
    LESS_EQUAL      reduce using rule 57 (exp -> exp OP_SUM termino .)
    SEMICOLON       reduce using rule 57 (exp -> exp OP_SUM termino .)
    COMMA           reduce using rule 57 (exp -> exp OP_SUM termino .)
    RPAREN          reduce using rule 57 (exp -> exp OP_SUM termino .)
    OP_MUL          shift and go to state 92
    OP_DIV          shift and go to state 93


state 107

    (58) exp -> exp OP_SUB termino .
    (60) termino -> termino . OP_MUL factor
    (61) termino -> termino . OP_DIV factor

    OP_SUM          reduce using rule 58 (exp -> exp OP_SUB termino .)
    OP_SUB          reduce using rule 58 (exp -> exp OP_SUB termino .)
    LESS            reduce using rule 58 (exp -> exp OP_SUB termino .)
    GREATER         reduce using rule 58 (exp -> exp OP_SUB termino .)
    NOT_EQUAL       reduce using rule 58 (exp -> exp OP_SUB termino .)
    EQUAL           reduce using rule 58 (exp -> exp OP_SUB termino .)
    GREATER_EQUAL   reduce using rule 58 (exp -> exp OP_SUB termino .)
    LESS_EQUAL      reduce using rule 58 (exp -> exp OP_SUB termino .)
    SEMICOLON       reduce using rule 58 (exp -> exp OP_SUB termino .)
    COMMA           reduce using rule 58 (exp -> exp OP_SUB termino .)
    RPAREN          reduce using rule 58 (exp -> exp OP_SUB termino .)
    OP_MUL          shift and go to state 92
    OP_DIV          shift and go to state 93


state 108

    (60) termino -> termino OP_MUL factor .

    OP_MUL          reduce using rule 60 (termino -> termino OP_MUL factor .)
    OP_DIV          reduce using rule 60 (termino -> termino OP_MUL factor .)
    OP_SUM          reduce using rule 60 (termino -> termino OP_MUL factor .)
    OP_SUB          reduce using rule 60 (termino -> termino OP_MUL factor .)
    LESS            reduce using rule 60 (termino -> termino OP_MUL factor .)
    GREATER         reduce using rule 60 (termino -> termino OP_MUL factor .)
    NOT_EQUAL       reduce using rule 60 (termino -> termino OP_MUL factor .)
    EQUAL           reduce using rule 60 (termino -> termino OP_MUL factor .)
    GREATER_EQUAL   reduce using rule 60 (termino -> termino OP_MUL factor .)
    LESS_EQUAL      reduce using rule 60 (termino -> termino OP_MUL factor .)
    SEMICOLON       reduce using rule 60 (termino -> termino OP_MUL factor .)
    COMMA           reduce using rule 60 (termino -> termino OP_MUL factor .)
    RPAREN          reduce using rule 60 (termino -> termino OP_MUL factor .)


state 109

    (61) termino -> termino OP_DIV factor .

    OP_MUL          reduce using rule 61 (termino -> termino OP_DIV factor .)
    OP_DIV          reduce using rule 61 (termino -> termino OP_DIV factor .)
    OP_SUM          reduce using rule 61 (termino -> termino OP_DIV factor .)
    OP_SUB          reduce using rule 61 (termino -> termino OP_DIV factor .)
    LESS            reduce using rule 61 (termino -> termino OP_DIV factor .)
    GREATER         reduce using rule 61 (termino -> termino OP_DIV factor .)
    NOT_EQUAL       reduce using rule 61 (termino -> termino OP_DIV factor .)
    EQUAL           reduce using rule 61 (termino -> termino OP_DIV factor .)
    GREATER_EQUAL   reduce using rule 61 (termino -> termino OP_DIV factor .)
    LESS_EQUAL      reduce using rule 61 (termino -> termino OP_DIV factor .)
    SEMICOLON       reduce using rule 61 (termino -> termino OP_DIV factor .)
    COMMA           reduce using rule 61 (termino -> termino OP_DIV factor .)
    RPAREN          reduce using rule 61 (termino -> termino OP_DIV factor .)


state 110

    (63) factor -> LPAREN expresion RPAREN .

    OP_MUL          reduce using rule 63 (factor -> LPAREN expresion RPAREN .)
    OP_DIV          reduce using rule 63 (factor -> LPAREN expresion RPAREN .)
    OP_SUM          reduce using rule 63 (factor -> LPAREN expresion RPAREN .)
    OP_SUB          reduce using rule 63 (factor -> LPAREN expresion RPAREN .)
    LESS            reduce using rule 63 (factor -> LPAREN expresion RPAREN .)
    GREATER         reduce using rule 63 (factor -> LPAREN expresion RPAREN .)
    NOT_EQUAL       reduce using rule 63 (factor -> LPAREN expresion RPAREN .)
    EQUAL           reduce using rule 63 (factor -> LPAREN expresion RPAREN .)
    GREATER_EQUAL   reduce using rule 63 (factor -> LPAREN expresion RPAREN .)
    LESS_EQUAL      reduce using rule 63 (factor -> LPAREN expresion RPAREN .)
    SEMICOLON       reduce using rule 63 (factor -> LPAREN expresion RPAREN .)
    COMMA           reduce using rule 63 (factor -> LPAREN expresion RPAREN .)
    RPAREN          reduce using rule 63 (factor -> LPAREN expresion RPAREN .)


state 111

    (44) f_call -> ID LPAREN expresion_list_opt RPAREN SEMICOLON .

    ID              reduce using rule 44 (f_call -> ID LPAREN expresion_list_opt RPAREN SEMICOLON .)
    KEYWORD_IF      reduce using rule 44 (f_call -> ID LPAREN expresion_list_opt RPAREN SEMICOLON .)
    KEYWORD_DO      reduce using rule 44 (f_call -> ID LPAREN expresion_list_opt RPAREN SEMICOLON .)
    KEYWORD_PRINT   reduce using rule 44 (f_call -> ID LPAREN expresion_list_opt RPAREN SEMICOLON .)
    RBRACE          reduce using rule 44 (f_call -> ID LPAREN expresion_list_opt RPAREN SEMICOLON .)
    RBRACKET        reduce using rule 44 (f_call -> ID LPAREN expresion_list_opt RPAREN SEMICOLON .)


state 112

    (47) expresion_list -> expresion_list COMMA expresion .

    COMMA           reduce using rule 47 (expresion_list -> expresion_list COMMA expresion .)
    RPAREN          reduce using rule 47 (expresion_list -> expresion_list COMMA expresion .)


state 113

    (39) condition -> KEYWORD_IF LPAREN expresion RPAREN cuadr_if . LBRACE body RBRACE else_arg SEMICOLON

    LBRACE          shift and go to state 121


state 114

    (38) cycle -> KEYWORD_DO LBRACE body RBRACE KEYWORD_WHILE . LPAREN expresion RPAREN SEMICOLON

    LPAREN          shift and go to state 122


state 115

    (33) print -> KEYWORD_PRINT LPAREN print_items RPAREN SEMICOLON .

    ID              reduce using rule 33 (print -> KEYWORD_PRINT LPAREN print_items RPAREN SEMICOLON .)
    KEYWORD_IF      reduce using rule 33 (print -> KEYWORD_PRINT LPAREN print_items RPAREN SEMICOLON .)
    KEYWORD_DO      reduce using rule 33 (print -> KEYWORD_PRINT LPAREN print_items RPAREN SEMICOLON .)
    KEYWORD_PRINT   reduce using rule 33 (print -> KEYWORD_PRINT LPAREN print_items RPAREN SEMICOLON .)
    RBRACE          reduce using rule 33 (print -> KEYWORD_PRINT LPAREN print_items RPAREN SEMICOLON .)
    RBRACKET        reduce using rule 33 (print -> KEYWORD_PRINT LPAREN print_items RPAREN SEMICOLON .)


state 116

    (34) print_items -> print_items COMMA print_item .

    RPAREN          reduce using rule 34 (print_items -> print_items COMMA print_item .)
    COMMA           reduce using rule 34 (print_items -> print_items COMMA print_item .)


state 117

    (20) parametros -> ID COLON type param_list .

    RPAREN          reduce using rule 20 (parametros -> ID COLON type param_list .)


state 118

    (21) param_list -> COMMA . ID COLON type param_list

    ID              shift and go to state 123


state 119

    (22) param_list -> empty .

    RPAREN          reduce using rule 22 (param_list -> empty .)


state 120

    (15) FUNCS -> KEYWORD_VOID ID func_start LPAREN parametros_opt RPAREN LBRACKET vars_opt . body RBRACKET func_end SEMICOLON
    (2) vars_opt -> vars_opt . VARS
    (23) body -> . statement_list
    (5) VARS -> . KEYWORD_VAR var_list SEMICOLON
    (24) statement_list -> . statement statement_list
    (25) statement_list -> . statement
    (26) statement_list -> . empty
    (27) statement -> . assign
    (28) statement -> . condition
    (29) statement -> . cycle
    (30) statement -> . f_call
    (31) statement -> . print
    (70) empty -> .
    (32) assign -> . ID ASSIGN_SIGN expresion SEMICOLON
    (39) condition -> . KEYWORD_IF LPAREN expresion RPAREN cuadr_if LBRACE body RBRACE else_arg SEMICOLON
    (38) cycle -> . KEYWORD_DO LBRACE body RBRACE KEYWORD_WHILE LPAREN expresion RPAREN SEMICOLON
    (44) f_call -> . ID LPAREN expresion_list_opt RPAREN SEMICOLON
    (33) print -> . KEYWORD_PRINT LPAREN print_items RPAREN SEMICOLON

    KEYWORD_VAR     shift and go to state 8
    RBRACKET        reduce using rule 70 (empty -> .)
    ID              shift and go to state 27
    KEYWORD_IF      shift and go to state 37
    KEYWORD_DO      shift and go to state 38
    KEYWORD_PRINT   shift and go to state 39

    body                           shift and go to state 124
    VARS                           shift and go to state 10
    statement_list                 shift and go to state 29
    statement                      shift and go to state 30
    empty                          shift and go to state 31
    assign                         shift and go to state 32
    condition                      shift and go to state 33
    cycle                          shift and go to state 34
    f_call                         shift and go to state 35
    print                          shift and go to state 36

state 121

    (39) condition -> KEYWORD_IF LPAREN expresion RPAREN cuadr_if LBRACE . body RBRACE else_arg SEMICOLON
    (23) body -> . statement_list
    (24) statement_list -> . statement statement_list
    (25) statement_list -> . statement
    (26) statement_list -> . empty
    (27) statement -> . assign
    (28) statement -> . condition
    (29) statement -> . cycle
    (30) statement -> . f_call
    (31) statement -> . print
    (70) empty -> .
    (32) assign -> . ID ASSIGN_SIGN expresion SEMICOLON
    (39) condition -> . KEYWORD_IF LPAREN expresion RPAREN cuadr_if LBRACE body RBRACE else_arg SEMICOLON
    (38) cycle -> . KEYWORD_DO LBRACE body RBRACE KEYWORD_WHILE LPAREN expresion RPAREN SEMICOLON
    (44) f_call -> . ID LPAREN expresion_list_opt RPAREN SEMICOLON
    (33) print -> . KEYWORD_PRINT LPAREN print_items RPAREN SEMICOLON

    RBRACE          reduce using rule 70 (empty -> .)
    ID              shift and go to state 27
    KEYWORD_IF      shift and go to state 37
    KEYWORD_DO      shift and go to state 38
    KEYWORD_PRINT   shift and go to state 39

    body                           shift and go to state 125
    statement_list                 shift and go to state 29
    statement                      shift and go to state 30
    empty                          shift and go to state 31
    assign                         shift and go to state 32
    condition                      shift and go to state 33
    cycle                          shift and go to state 34
    f_call                         shift and go to state 35
    print                          shift and go to state 36

state 122

    (38) cycle -> KEYWORD_DO LBRACE body RBRACE KEYWORD_WHILE LPAREN . expresion RPAREN SEMICOLON
    (49) expresion -> . exp comparador exp
    (50) expresion -> . exp
    (57) exp -> . exp OP_SUM termino
    (58) exp -> . exp OP_SUB termino
    (59) exp -> . termino
    (60) termino -> . termino OP_MUL factor
    (61) termino -> . termino OP_DIV factor
    (62) termino -> . factor
    (63) factor -> . LPAREN expresion RPAREN
    (64) factor -> . OP_SUM varcte
    (65) factor -> . OP_SUB varcte
    (66) factor -> . varcte
    (67) varcte -> . ID
    (68) varcte -> . CTE_INT
    (69) varcte -> . CTE_FLOAT

    LPAREN          shift and go to state 64
    OP_SUM          shift and go to state 60
    OP_SUB          shift and go to state 62
    ID              shift and go to state 57
    CTE_INT         shift and go to state 66
    CTE_FLOAT       shift and go to state 67

    expresion                      shift and go to state 126
    exp                            shift and go to state 59
    termino                        shift and go to state 61
    factor                         shift and go to state 63
    varcte                         shift and go to state 65

state 123

    (21) param_list -> COMMA ID . COLON type param_list

    COLON           shift and go to state 127


state 124

    (15) FUNCS -> KEYWORD_VOID ID func_start LPAREN parametros_opt RPAREN LBRACKET vars_opt body . RBRACKET func_end SEMICOLON

    RBRACKET        shift and go to state 128


state 125

    (39) condition -> KEYWORD_IF LPAREN expresion RPAREN cuadr_if LBRACE body . RBRACE else_arg SEMICOLON

    RBRACE          shift and go to state 129


state 126

    (38) cycle -> KEYWORD_DO LBRACE body RBRACE KEYWORD_WHILE LPAREN expresion . RPAREN SEMICOLON

    RPAREN          shift and go to state 130


state 127

    (21) param_list -> COMMA ID COLON . type param_list
    (9) type -> . KEYWORD_INT
    (10) type -> . KEYWORD_FLOAT
    (11) type -> . KEYWORD_STRING

    KEYWORD_INT     shift and go to state 42
    KEYWORD_FLOAT   shift and go to state 43
    KEYWORD_STRING  shift and go to state 44

    type                           shift and go to state 131

state 128

    (15) FUNCS -> KEYWORD_VOID ID func_start LPAREN parametros_opt RPAREN LBRACKET vars_opt body RBRACKET . func_end SEMICOLON
    (17) func_end -> .

    SEMICOLON       reduce using rule 17 (func_end -> .)

    func_end                       shift and go to state 132

state 129

    (39) condition -> KEYWORD_IF LPAREN expresion RPAREN cuadr_if LBRACE body RBRACE . else_arg SEMICOLON
    (41) else_arg -> . KEYWORD_ELSE cuadr_else LBRACE body RBRACE
    (43) else_arg -> . empty
    (70) empty -> .

    KEYWORD_ELSE    shift and go to state 134
    SEMICOLON       reduce using rule 70 (empty -> .)

    else_arg                       shift and go to state 133
    empty                          shift and go to state 135

state 130

    (38) cycle -> KEYWORD_DO LBRACE body RBRACE KEYWORD_WHILE LPAREN expresion RPAREN . SEMICOLON

    SEMICOLON       shift and go to state 136


state 131

    (21) param_list -> COMMA ID COLON type . param_list
    (21) param_list -> . COMMA ID COLON type param_list
    (22) param_list -> . empty
    (70) empty -> .

    COMMA           shift and go to state 118
    RPAREN          reduce using rule 70 (empty -> .)

    param_list                     shift and go to state 137
    empty                          shift and go to state 119

state 132

    (15) FUNCS -> KEYWORD_VOID ID func_start LPAREN parametros_opt RPAREN LBRACKET vars_opt body RBRACKET func_end . SEMICOLON

    SEMICOLON       shift and go to state 138


state 133

    (39) condition -> KEYWORD_IF LPAREN expresion RPAREN cuadr_if LBRACE body RBRACE else_arg . SEMICOLON

    SEMICOLON       shift and go to state 139


state 134

    (41) else_arg -> KEYWORD_ELSE . cuadr_else LBRACE body RBRACE
    (42) cuadr_else -> .

    LBRACE          reduce using rule 42 (cuadr_else -> .)

    cuadr_else                     shift and go to state 140

state 135

    (43) else_arg -> empty .

    SEMICOLON       reduce using rule 43 (else_arg -> empty .)


state 136

    (38) cycle -> KEYWORD_DO LBRACE body RBRACE KEYWORD_WHILE LPAREN expresion RPAREN SEMICOLON .

    ID              reduce using rule 38 (cycle -> KEYWORD_DO LBRACE body RBRACE KEYWORD_WHILE LPAREN expresion RPAREN SEMICOLON .)
    KEYWORD_IF      reduce using rule 38 (cycle -> KEYWORD_DO LBRACE body RBRACE KEYWORD_WHILE LPAREN expresion RPAREN SEMICOLON .)
    KEYWORD_DO      reduce using rule 38 (cycle -> KEYWORD_DO LBRACE body RBRACE KEYWORD_WHILE LPAREN expresion RPAREN SEMICOLON .)
    KEYWORD_PRINT   reduce using rule 38 (cycle -> KEYWORD_DO LBRACE body RBRACE KEYWORD_WHILE LPAREN expresion RPAREN SEMICOLON .)
    RBRACE          reduce using rule 38 (cycle -> KEYWORD_DO LBRACE body RBRACE KEYWORD_WHILE LPAREN expresion RPAREN SEMICOLON .)
    RBRACKET        reduce using rule 38 (cycle -> KEYWORD_DO LBRACE body RBRACE KEYWORD_WHILE LPAREN expresion RPAREN SEMICOLON .)


state 137

    (21) param_list -> COMMA ID COLON type param_list .

    RPAREN          reduce using rule 21 (param_list -> COMMA ID COLON type param_list .)


state 138

    (15) FUNCS -> KEYWORD_VOID ID func_start LPAREN parametros_opt RPAREN LBRACKET vars_opt body RBRACKET func_end SEMICOLON .

    KEYWORD_MAIN    reduce using rule 15 (FUNCS -> KEYWORD_VOID ID func_start LPAREN parametros_opt RPAREN LBRACKET vars_opt body RBRACKET func_end SEMICOLON .)
    KEYWORD_VOID    reduce using rule 15 (FUNCS -> KEYWORD_VOID ID func_start LPAREN parametros_opt RPAREN LBRACKET vars_opt body RBRACKET func_end SEMICOLON .)


state 139

    (39) condition -> KEYWORD_IF LPAREN expresion RPAREN cuadr_if LBRACE body RBRACE else_arg SEMICOLON .

    ID              reduce using rule 39 (condition -> KEYWORD_IF LPAREN expresion RPAREN cuadr_if LBRACE body RBRACE else_arg SEMICOLON .)
    KEYWORD_IF      reduce using rule 39 (condition -> KEYWORD_IF LPAREN expresion RPAREN cuadr_if LBRACE body RBRACE else_arg SEMICOLON .)
    KEYWORD_DO      reduce using rule 39 (condition -> KEYWORD_IF LPAREN expresion RPAREN cuadr_if LBRACE body RBRACE else_arg SEMICOLON .)
    KEYWORD_PRINT   reduce using rule 39 (condition -> KEYWORD_IF LPAREN expresion RPAREN cuadr_if LBRACE body RBRACE else_arg SEMICOLON .)
    RBRACE          reduce using rule 39 (condition -> KEYWORD_IF LPAREN expresion RPAREN cuadr_if LBRACE body RBRACE else_arg SEMICOLON .)
    RBRACKET        reduce using rule 39 (condition -> KEYWORD_IF LPAREN expresion RPAREN cuadr_if LBRACE body RBRACE else_arg SEMICOLON .)


state 140

    (41) else_arg -> KEYWORD_ELSE cuadr_else . LBRACE body RBRACE

    LBRACE          shift and go to state 141


state 141

    (41) else_arg -> KEYWORD_ELSE cuadr_else LBRACE . body RBRACE
    (23) body -> . statement_list
    (24) statement_list -> . statement statement_list
    (25) statement_list -> . statement
    (26) statement_list -> . empty
    (27) statement -> . assign
    (28) statement -> . condition
    (29) statement -> . cycle
    (30) statement -> . f_call
    (31) statement -> . print
    (70) empty -> .
    (32) assign -> . ID ASSIGN_SIGN expresion SEMICOLON
    (39) condition -> . KEYWORD_IF LPAREN expresion RPAREN cuadr_if LBRACE body RBRACE else_arg SEMICOLON
    (38) cycle -> . KEYWORD_DO LBRACE body RBRACE KEYWORD_WHILE LPAREN expresion RPAREN SEMICOLON
    (44) f_call -> . ID LPAREN expresion_list_opt RPAREN SEMICOLON
    (33) print -> . KEYWORD_PRINT LPAREN print_items RPAREN SEMICOLON

    RBRACE          reduce using rule 70 (empty -> .)
    ID              shift and go to state 27
    KEYWORD_IF      shift and go to state 37
    KEYWORD_DO      shift and go to state 38
    KEYWORD_PRINT   shift and go to state 39

    body                           shift and go to state 142
    statement_list                 shift and go to state 29
    statement                      shift and go to state 30
    empty                          shift and go to state 31
    assign                         shift and go to state 32
    condition                      shift and go to state 33
    cycle                          shift and go to state 34
    f_call                         shift and go to state 35
    print                          shift and go to state 36

state 142

    (41) else_arg -> KEYWORD_ELSE cuadr_else LBRACE body . RBRACE

    RBRACE          shift and go to state 143


state 143

    (41) else_arg -> KEYWORD_ELSE cuadr_else LBRACE body RBRACE .

    SEMICOLON       reduce using rule 41 (else_arg -> KEYWORD_ELSE cuadr_else LBRACE body RBRACE .)

WARNING: 
WARNING: Conflicts:
WARNING: 
WARNING: shift/reduce conflict for KEYWORD_VAR in state 4 resolved as shift
WARNING: shift/reduce conflict for KEYWORD_VOID in state 5 resolved as shift
WARNING: shift/reduce conflict for KEYWORD_VAR in state 104 resolved as shift
WARNING: reduce/reduce conflict in state 30 resolved using rule (statement_list -> statement)
WARNING: rejected rule (empty -> <empty>) in state 30
